# JRE version: OpenJDK Runtime Environment (11.0.10) (build 11.0.10+0-b96-7281165)
# Java VM: OpenJDK 64-Bit Server VM (11.0.10+0-b96-7281165, mixed mode, tiered, compressed oops, g1 gc, bsd-amd64)
Heap:
 garbage-first heap   total 336896K, used 176964K [0x00000007a0000000, 0x0000000800000000)
  region size 1024K, 7 young (7168K), 5 survivors (5120K)
 Metaspace       used 91282K, capacity 96982K, committed 97396K, reserved 1134592K
  class space    used 11533K, capacity 13104K, committed 13208K, reserved 1048576K
GC Heap History (20 events):
Event: 15.794 GC heap before
{Heap before GC invocations=24 (full 0):
 garbage-first heap   total 284672K, used 155598K [0x00000007a0000000, 0x0000000800000000)
  region size 1024K, 42 young (43008K), 12 survivors (12288K)
 Metaspace       used 69133K, capacity 71242K, committed 71452K, reserved 1112064K
  class space    used 8623K, capacity 9318K, committed 9420K, reserved 1048576K
}
Event: 15.814 GC heap after
{Heap after GC invocations=25 (full 0):
 garbage-first heap   total 284672K, used 128061K [0x00000007a0000000, 0x0000000800000000)
  region size 1024K, 2 young (2048K), 2 survivors (2048K)
 Metaspace       used 69133K, capacity 71242K, committed 71452K, reserved 1112064K
  class space    used 8623K, capacity 9318K, committed 9420K, reserved 1048576K
}
Event: 16.819 GC heap before
{Heap before GC invocations=26 (full 0):
 garbage-first heap   total 284672K, used 153661K [0x00000007a0000000, 0x0000000800000000)
  region size 1024K, 68 young (69632K), 2 survivors (2048K)
 Metaspace       used 73016K, capacity 75169K, committed 75252K, reserved 1114112K
  class space    used 9247K, capacity 9977K, committed 10008K, reserved 1048576K
}
Event: 16.836 GC heap after
{Heap after GC invocations=27 (full 0):
 garbage-first heap   total 284672K, used 90448K [0x00000007a0000000, 0x0000000800000000)
  region size 1024K, 7 young (7168K), 7 survivors (7168K)
 Metaspace       used 73016K, capacity 75169K, committed 75252K, reserved 1114112K
  class space    used 9247K, capacity 9977K, committed 10008K, reserved 1048576K
}
Event: 19.895 GC heap before
{Heap before GC invocations=28 (full 0):
 garbage-first heap   total 284672K, used 185680K [0x00000007a0000000, 0x0000000800000000)
  region size 1024K, 95 young (97280K), 7 survivors (7168K)
 Metaspace       used 77129K, capacity 79686K, committed 79988K, reserved 1118208K
  class space    used 9716K, capacity 10546K, committed 10648K, reserved 1048576K
}
Event: 19.920 GC heap after
{Heap after GC invocations=29 (full 0):
 garbage-first heap   total 284672K, used 111940K [0x00000007a0000000, 0x0000000800000000)
  region size 1024K, 12 young (12288K), 12 survivors (12288K)
 Metaspace       used 77129K, capacity 79686K, committed 79988K, reserved 1118208K
  class space    used 9716K, capacity 10546K, committed 10648K, reserved 1048576K
}
Event: 21.575 GC heap before
{Heap before GC invocations=29 (full 0):
 garbage-first heap   total 284672K, used 193860K [0x00000007a0000000, 0x0000000800000000)
  region size 1024K, 93 young (95232K), 12 survivors (12288K)
 Metaspace       used 78785K, capacity 82756K, committed 83060K, reserved 1122304K
  class space    used 9950K, capacity 11064K, committed 11160K, reserved 1048576K
}
Event: 21.658 GC heap after
{Heap after GC invocations=30 (full 0):
 garbage-first heap   total 284672K, used 130418K [0x00000007a0000000, 0x0000000800000000)
  region size 1024K, 12 young (12288K), 12 survivors (12288K)
 Metaspace       used 78785K, capacity 82756K, committed 83060K, reserved 1122304K
  class space    used 9950K, capacity 11064K, committed 11160K, reserved 1048576K
}
Event: 22.874 GC heap before
{Heap before GC invocations=30 (full 0):
 garbage-first heap   total 284672K, used 205170K [0x00000007a0000000, 0x0000000800000000)
  region size 1024K, 85 young (87040K), 12 survivors (12288K)
 Metaspace       used 80165K, capacity 85508K, committed 85620K, reserved 1124352K
  class space    used 10173K, capacity 11621K, committed 11672K, reserved 1048576K
}
Event: 22.918 GC heap after
{Heap after GC invocations=31 (full 0):
 garbage-first heap   total 284672K, used 149504K [0x00000007a0000000, 0x0000000800000000)
  region size 1024K, 11 young (11264K), 11 survivors (11264K)
 Metaspace       used 80165K, capacity 85508K, committed 85620K, reserved 1124352K
  class space    used 10173K, capacity 11621K, committed 11672K, reserved 1048576K
}
Event: 23.036 GC heap before
{Heap before GC invocations=31 (full 0):
 garbage-first heap   total 284672K, used 155647K [0x00000007a0000000, 0x0000000800000000)
  region size 1024K, 18 young (18432K), 11 survivors (11264K)
 Metaspace       used 80237K, capacity 85704K, committed 86004K, reserved 1124352K
  class space    used 10188K, capacity 11665K, committed 11800K, reserved 1048576K
}
Event: 23.061 GC heap after
{Heap after GC invocations=32 (full 0):
 garbage-first heap   total 336896K, used 153088K [0x00000007a0000000, 0x0000000800000000)
  region size 1024K, 3 young (3072K), 3 survivors (3072K)
 Metaspace       used 80237K, capacity 85704K, committed 86004K, reserved 1124352K
  class space    used 10188K, capacity 11665K, committed 11800K, reserved 1048576K
}
Event: 24.388 GC heap before
{Heap before GC invocations=33 (full 0):
 garbage-first heap   total 336896K, used 220672K [0x00000007a0000000, 0x0000000800000000)
  region size 1024K, 66 young (67584K), 3 survivors (3072K)
 Metaspace       used 82436K, capacity 87849K, committed 88052K, reserved 1126400K
  class space    used 10490K, capacity 11962K, committed 12056K, reserved 1048576K
}
Event: 24.405 GC heap after
{Heap after GC invocations=34 (full 0):
 garbage-first heap   total 336896K, used 166400K [0x00000007a0000000, 0x0000000800000000)
  region size 1024K, 9 young (9216K), 9 survivors (9216K)
 Metaspace       used 82436K, capacity 87849K, committed 88052K, reserved 1126400K
  class space    used 10490K, capacity 11962K, committed 12056K, reserved 1048576K
}
Event: 30.857 GC heap before
{Heap before GC invocations=34 (full 0):
 garbage-first heap   total 336896K, used 230912K [0x00000007a0000000, 0x0000000800000000)
  region size 1024K, 72 young (73728K), 9 survivors (9216K)
 Metaspace       used 88658K, capacity 94242K, committed 94452K, reserved 1130496K
  class space    used 11262K, capacity 12783K, committed 12824K, reserved 1048576K
}
Event: 30.879 GC heap after
{Heap after GC invocations=35 (full 0):
 garbage-first heap   total 336896K, used 172271K [0x00000007a0000000, 0x0000000800000000)
  region size 1024K, 5 young (5120K), 5 survivors (5120K)
 Metaspace       used 88658K, capacity 94242K, committed 94452K, reserved 1130496K
  class space    used 11262K, capacity 12783K, committed 12824K, reserved 1048576K
}
Event: 40.104 GC heap before
{Heap before GC invocations=36 (full 0):
 garbage-first heap   total 336896K, used 239855K [0x00000007a0000000, 0x0000000800000000)
  region size 1024K, 71 young (72704K), 5 survivors (5120K)
 Metaspace       used 90750K, capacity 96458K, committed 96884K, reserved 1132544K
  class space    used 11502K, capacity 13065K, committed 13208K, reserved 1048576K
}
Event: 40.118 GC heap after
{Heap after GC invocations=37 (full 0):
 garbage-first heap   total 336896K, used 174818K [0x00000007a0000000, 0x0000000800000000)
  region size 1024K, 8 young (8192K), 8 survivors (8192K)
 Metaspace       used 90750K, capacity 96458K, committed 96884K, reserved 1132544K
  class space    used 11502K, capacity 13065K, committed 13208K, reserved 1048576K
}
Event: 91.290 GC heap before
{Heap before GC invocations=37 (full 0):
 garbage-first heap   total 336896K, used 245474K [0x00000007a0000000, 0x0000000800000000)
  region size 1024K, 77 young (78848K), 8 survivors (8192K)
 Metaspace       used 91282K, capacity 96982K, committed 97396K, reserved 1134592K
  class space    used 11533K, capacity 13104K, committed 13208K, reserved 1048576K
}
Event: 91.324 GC heap after
{Heap after GC invocations=38 (full 0):
 garbage-first heap   total 336896K, used 175940K [0x00000007a0000000, 0x0000000800000000)
  region size 1024K, 5 young (5120K), 5 survivors (5120K)
 Metaspace       used 91282K, capacity 96982K, committed 97396K, reserved 1134592K
  class space    used 11533K, capacity 13104K, committed 13208K, reserved 1048576K
}

